Build started 11/29/2014 7:45:45 PM.
     1>Project "C:\Users\USER\Documents\Capstone\ATPG tool\Source Code\src\CAPSTONE.vcxproj" on node 2 (build target(s)).
     1>InitializeBuildStatus:
         Touching "Debug\CAPSTONE.unsuccessfulbuild".
       ClCompile:
         C:\Program Files (x86)\Microsoft Visual Studio 10.0\VC\bin\CL.exe /c /Zi /nologo /W3 /WX- /Od /Oy- /D WIN32 /D _DEBUG /D _CONSOLE /Gm /EHsc /RTC1 /MDd /GS /fp:precise /Zc:wchar_t /Zc:forScope /Fo"Debug\\" /Fd"Debug\vc100.pdb" /Gd /TC /analyze- /errorReport:prompt libs\fault_simulation.c libs\logic_tables.c libs\parser_netlist.c libs\test_generator.c main.c
         main.c
     1>main.c(32): fatal error C1083: Cannot open include file: 'unistd.h': No such file or directory
         test_generator.c
     1>c:\users\user\documents\capstone\atpg tool\source code\src\libs\atpg_types.h(105): error C2016: C requires that a struct or union has at least one member
     1>c:\users\user\documents\capstone\atpg tool\source code\src\libs\atpg_types.h(105): error C2061: syntax error : identifier 'BOOLEAN'
     1>c:\users\user\documents\capstone\atpg tool\source code\src\libs\atpg_types.h(109): error C2061: syntax error : identifier 'isFaultListGiven'
     1>c:\users\user\documents\capstone\atpg tool\source code\src\libs\atpg_types.h(109): error C2059: syntax error : ';'
     1>c:\users\user\documents\capstone\atpg tool\source code\src\libs\atpg_types.h(113): error C2061: syntax error : identifier 'isBenchmarkFileGiven'
     1>c:\users\user\documents\capstone\atpg tool\source code\src\libs\atpg_types.h(113): error C2059: syntax error : ';'
     1>c:\users\user\documents\capstone\atpg tool\source code\src\libs\atpg_types.h(117): error C2061: syntax error : identifier 'isOneTestPerFault'
     1>c:\users\user\documents\capstone\atpg tool\source code\src\libs\atpg_types.h(117): error C2059: syntax error : ';'
     1>c:\users\user\documents\capstone\atpg tool\source code\src\libs\atpg_types.h(120): error C2061: syntax error : identifier 'isPrintUndetectedFaults'
     1>c:\users\user\documents\capstone\atpg tool\source code\src\libs\atpg_types.h(120): error C2059: syntax error : ';'
     1>c:\users\user\documents\capstone\atpg tool\source code\src\libs\atpg_types.h(127): error C2061: syntax error : identifier 'isCustomFaultSimulation'
     1>c:\users\user\documents\capstone\atpg tool\source code\src\libs\atpg_types.h(127): error C2059: syntax error : ';'
     1>c:\users\user\documents\capstone\atpg tool\source code\src\libs\atpg_types.h(132): error C2059: syntax error : '}'
     1>c:\users\user\documents\capstone\atpg tool\source code\src\libs\atpg_types.h(160): error C2016: C requires that a struct or union has at least one member
     1>c:\users\user\documents\capstone\atpg tool\source code\src\libs\atpg_types.h(160): error C2061: syntax error : identifier 'BOOLEAN'
     1>c:\users\user\documents\capstone\atpg tool\source code\src\libs\atpg_types.h(161): error C2061: syntax error : identifier 'value'
     1>c:\users\user\documents\capstone\atpg tool\source code\src\libs\atpg_types.h(161): error C2059: syntax error : ';'
     1>c:\users\user\documents\capstone\atpg tool\source code\src\libs\atpg_types.h(162): error C2059: syntax error : '}'
     1>c:\users\user\documents\capstone\atpg tool\source code\src\libs\atpg_types.h(169): error C2016: C requires that a struct or union has at least one member
     1>c:\users\user\documents\capstone\atpg tool\source code\src\libs\atpg_types.h(169): error C2061: syntax error : identifier 'BOOLEAN'
     1>c:\users\user\documents\capstone\atpg tool\source code\src\libs\atpg_types.h(170): error C2061: syntax error : identifier 'value'
     1>c:\users\user\documents\capstone\atpg tool\source code\src\libs\atpg_types.h(170): error C2059: syntax error : ';'
     1>c:\users\user\documents\capstone\atpg tool\source code\src\libs\atpg_types.h(171): error C2059: syntax error : '}'
     1>c:\users\user\documents\capstone\atpg tool\source code\src\libs\atpg_types.h(182): error C2061: syntax error : identifier 'BOOLEAN'
     1>c:\users\user\documents\capstone\atpg tool\source code\src\libs\atpg_types.h(183): error C2061: syntax error : identifier 'numOut'
     1>c:\users\user\documents\capstone\atpg tool\source code\src\libs\atpg_types.h(183): error C2059: syntax error : ';'
     1>c:\users\user\documents\capstone\atpg tool\source code\src\libs\atpg_types.h(190): error C2061: syntax error : identifier 'inv'
     1>c:\users\user\documents\capstone\atpg tool\source code\src\libs\atpg_types.h(190): error C2059: syntax error : ';'
     1>c:\users\user\documents\capstone\atpg tool\source code\src\libs\atpg_types.h(196): error C2061: syntax error : identifier 'PO'
     1>c:\users\user\documents\capstone\atpg tool\source code\src\libs\atpg_types.h(196): error C2059: syntax error : ';'
     1>c:\users\user\documents\capstone\atpg tool\source code\src\libs\atpg_types.h(199): error C2061: syntax error : identifier 'PPO'
     1>c:\users\user\documents\capstone\atpg tool\source code\src\libs\atpg_types.h(199): error C2059: syntax error : ';'
     1>c:\users\user\documents\capstone\atpg tool\source code\src\libs\atpg_types.h(202): error C2061: syntax error : identifier 'justified'
     1>c:\users\user\documents\capstone\atpg tool\source code\src\libs\atpg_types.h(202): error C2059: syntax error : ';'
     1>c:\users\user\documents\capstone\atpg tool\source code\src\libs\atpg_types.h(202): error C3409: empty attribute block is not allowed
     1>c:\users\user\documents\capstone\atpg tool\source code\src\libs\atpg_types.h(202): error C2143: syntax error : missing ']' before 'constant'
     1>c:\users\user\documents\capstone\atpg tool\source code\src\libs\atpg_types.h(205): error C2061: syntax error : identifier 'propagated'
     1>c:\users\user\documents\capstone\atpg tool\source code\src\libs\atpg_types.h(205): error C2059: syntax error : ';'
     1>c:\users\user\documents\capstone\atpg tool\source code\src\libs\atpg_types.h(205): error C3409: empty attribute block is not allowed
     1>c:\users\user\documents\capstone\atpg tool\source code\src\libs\atpg_types.h(205): error C2143: syntax error : missing ']' before 'constant'
     1>c:\users\user\documents\capstone\atpg tool\source code\src\libs\atpg_types.h(214): error C2059: syntax error : '}'
     1>c:\users\user\documents\capstone\atpg tool\source code\src\libs\atpg_types.h(216): error C2143: syntax error : missing '{' before '*'
     1>c:\users\user\documents\capstone\atpg tool\source code\src\libs\atpg_types.h(261): error C2061: syntax error : identifier 'BOOLEAN'
     1>c:\users\user\documents\capstone\atpg tool\source code\src\libs\atpg_types.h(262): error C2059: syntax error : '}'
     1>c:\users\user\documents\capstone\atpg tool\source code\src\libs\atpg_types.h(270): error C2016: C requires that a struct or union has at least one member
     1>c:\users\user\documents\capstone\atpg tool\source code\src\libs\atpg_types.h(270): error C2061: syntax error : identifier 'FAULT'
     1>c:\users\user\documents\capstone\atpg tool\source code\src\libs\atpg_types.h(272): error C2059: syntax error : '}'
     1>c:\users\user\documents\capstone\atpg tool\source code\src\libs\atpg_types.h(304): error C2061: syntax error : identifier 'FAULT'
     1>c:\users\user\documents\capstone\atpg tool\source code\src\libs\atpg_types.h(305): error C2059: syntax error : '}'
     1>c:\users\user\documents\capstone\atpg tool\source code\src\libs\globals.h(32): error C2061: syntax error : identifier 'options'
     1>c:\users\user\documents\capstone\atpg tool\source code\src\libs\globals.h(32): error C2059: syntax error : ';'
     1>c:\users\user\documents\capstone\atpg tool\source code\src\libs\logic_tables.h(90): error C2054: expected '(' to follow 'inline'
     1>c:\users\user\documents\capstone\atpg tool\source code\src\libs\logic_tables.h(90): error C2146: syntax error : missing ')' before identifier 'circuit'
     1>c:\users\user\documents\capstone\atpg tool\source code\src\libs\logic_tables.h(90): error C2085: 'getLogicValue' : not in formal parameter list
     1>c:\users\user\documents\capstone\atpg tool\source code\src\libs\logic_tables.h(90): error C2146: syntax error : missing ',' before identifier 'circuit'
     1>c:\users\user\documents\capstone\atpg tool\source code\src\libs\logic_tables.h(90): error C2059: syntax error : 'type'
     1>c:\users\user\documents\capstone\atpg tool\source code\src\libs\logic_tables.h(90): error C2059: syntax error : ')'
     1>c:\users\user\documents\capstone\atpg tool\source code\src\libs\logic_tables.h(99): error C2054: expected '(' to follow 'inline'
     1>c:\users\user\documents\capstone\atpg tool\source code\src\libs\logic_tables.h(99): error C2146: syntax error : missing ')' before identifier 'circuit'
     1>c:\users\user\documents\capstone\atpg tool\source code\src\libs\logic_tables.h(99): error C2085: 'setInputLogicValue' : not in formal parameter list
     1>c:\users\user\documents\capstone\atpg tool\source code\src\libs\logic_tables.h(99): error C2146: syntax error : missing ',' before identifier 'circuit'
     1>c:\users\user\documents\capstone\atpg tool\source code\src\libs\logic_tables.h(99): error C2059: syntax error : 'type'
     1>c:\users\user\documents\capstone\atpg tool\source code\src\libs\logic_tables.h(99): error C2059: syntax error : ')'
     1>c:\users\user\documents\capstone\atpg tool\source code\src\libs\logic_tables.h(108): error C2146: syntax error : missing ')' before identifier 'circuit'
     1>c:\users\user\documents\capstone\atpg tool\source code\src\libs\logic_tables.h(108): error C2061: syntax error : identifier 'circuit'
     1>c:\users\user\documents\capstone\atpg tool\source code\src\libs\logic_tables.h(108): error C2059: syntax error : ';'
     1>c:\users\user\documents\capstone\atpg tool\source code\src\libs\logic_tables.h(108): error C2059: syntax error : ','
     1>c:\users\user\documents\capstone\atpg tool\source code\src\libs\logic_tables.h(108): error C2059: syntax error : ')'
     1>c:\users\user\documents\capstone\atpg tool\source code\src\libs\logic_tables.h(119): error C2061: syntax error : identifier 'isOutputPossible'
     1>c:\users\user\documents\capstone\atpg tool\source code\src\libs\logic_tables.h(119): error C2059: syntax error : ';'
     1>c:\users\user\documents\capstone\atpg tool\source code\src\libs\logic_tables.h(119): error C2146: syntax error : missing ')' before identifier 'circuit'
     1>c:\users\user\documents\capstone\atpg tool\source code\src\libs\logic_tables.h(119): error C2061: syntax error : identifier 'circuit'
     1>c:\users\user\documents\capstone\atpg tool\source code\src\libs\logic_tables.h(119): error C2059: syntax error : ','
     1>c:\users\user\documents\capstone\atpg tool\source code\src\libs\logic_tables.h(119): error C2059: syntax error : ')'
     1>c:\users\user\documents\capstone\atpg tool\source code\src\libs\logic_tables.h(128): error C2146: syntax error : missing ')' before identifier 'inv'
     1>c:\users\user\documents\capstone\atpg tool\source code\src\libs\logic_tables.h(128): error C2081: 'BOOLEAN' : name in formal parameter list illegal
     1>c:\users\user\documents\capstone\atpg tool\source code\src\libs\logic_tables.h(128): error C2061: syntax error : identifier 'inv'
     1>c:\users\user\documents\capstone\atpg tool\source code\src\libs\logic_tables.h(128): error C2059: syntax error : ';'
     1>c:\users\user\documents\capstone\atpg tool\source code\src\libs\logic_tables.h(128): error C2059: syntax error : ')'
     1>c:\users\user\documents\capstone\atpg tool\source code\src\libs\logic_tables.h(137): error C2146: syntax error : missing ')' before identifier 'isForOutput'
     1>c:\users\user\documents\capstone\atpg tool\source code\src\libs\logic_tables.h(137): error C2081: 'BOOLEAN' : name in formal parameter list illegal
     1>c:\users\user\documents\capstone\atpg tool\source code\src\libs\logic_tables.h(137): error C2061: syntax error : identifier 'isForOutput'
     1>c:\users\user\documents\capstone\atpg tool\source code\src\libs\logic_tables.h(137): error C2059: syntax error : ';'
     1>c:\users\user\documents\capstone\atpg tool\source code\src\libs\logic_tables.h(137): error C2059: syntax error : ')'
     1>c:\users\user\documents\capstone\atpg tool\source code\src\libs\test_generator.h(37): error C2146: syntax error : missing ')' before identifier 'circuit'
     1>c:\users\user\documents\capstone\atpg tool\source code\src\libs\test_generator.h(37): error C2061: syntax error : identifier 'circuit'
     1>c:\users\user\documents\capstone\atpg tool\source code\src\libs\test_generator.h(37): error C2059: syntax error : ';'
     1>c:\users\user\documents\capstone\atpg tool\source code\src\libs\test_generator.h(37): error C2059: syntax error : ','
     1>c:\users\user\documents\capstone\atpg tool\source code\src\libs\test_generator.h(37): error C2059: syntax error : ')'
     1>c:\users\user\documents\capstone\atpg tool\source code\src\libs\test_generator.h(46): error C2146: syntax error : missing ')' before identifier 'circuit'
     1>c:\users\user\documents\capstone\atpg tool\source code\src\libs\test_generator.h(46): error C2061: syntax error : identifier 'circuit'
     1>c:\users\user\documents\capstone\atpg tool\source code\src\libs\test_generator.h(46): error C2059: syntax error : ';'
     1>c:\users\user\documents\capstone\atpg tool\source code\src\libs\test_generator.h(46): error C2059: syntax error : ','
     1>c:\users\user\documents\capstone\atpg tool\source code\src\libs\test_generator.h(46): error C2059: syntax error : ')'
     1>c:\users\user\documents\capstone\atpg tool\source code\src\libs\test_generator.h(57): error C2061: syntax error : identifier 'excite'
     1>c:\users\user\documents\capstone\atpg tool\source code\src\libs\test_generator.h(57): error C2059: syntax error : ';'
     1>c:\users\user\documents\capstone\atpg tool\source code\src\libs\test_generator.h(57): error C2146: syntax error : missing ')' before identifier 'circuit'
     1>c:\users\user\documents\capstone\atpg tool\source code\src\libs\test_generator.h(57): error C2061: syntax error : identifier 'circuit'
     1>c:\users\user\documents\capstone\atpg tool\source code\src\libs\test_generator.h(57): error C2059: syntax error : ','
     1>c:\users\user\documents\capstone\atpg tool\source code\src\libs\test_generator.h(57): error C2059: syntax error : ')'
     1>c:\users\user\documents\capstone\atpg tool\source code\src\libs\test_generator.h(71): error C2061: syntax error : identifier 'justify'
     1>c:\users\user\documents\capstone\atpg tool\source code\src\libs\test_generator.h(71): fatal error C1003: error count exceeds 100; stopping compilation
         parser_netlist.c
     1>c:\users\user\documents\capstone\atpg tool\source code\src\libs\atpg_types.h(105): error C2016: C requires that a struct or union has at least one member
     1>c:\users\user\documents\capstone\atpg tool\source code\src\libs\atpg_types.h(105): error C2061: syntax error : identifier 'BOOLEAN'
     1>c:\users\user\documents\capstone\atpg tool\source code\src\libs\atpg_types.h(109): error C2061: syntax error : identifier 'isFaultListGiven'
     1>c:\users\user\documents\capstone\atpg tool\source code\src\libs\atpg_types.h(109): error C2059: syntax error : ';'
     1>c:\users\user\documents\capstone\atpg tool\source code\src\libs\atpg_types.h(113): error C2061: syntax error : identifier 'isBenchmarkFileGiven'
     1>c:\users\user\documents\capstone\atpg tool\source code\src\libs\atpg_types.h(113): error C2059: syntax error : ';'
     1>c:\users\user\documents\capstone\atpg tool\source code\src\libs\atpg_types.h(117): error C2061: syntax error : identifier 'isOneTestPerFault'
     1>c:\users\user\documents\capstone\atpg tool\source code\src\libs\atpg_types.h(117): error C2059: syntax error : ';'
     1>c:\users\user\documents\capstone\atpg tool\source code\src\libs\atpg_types.h(120): error C2061: syntax error : identifier 'isPrintUndetectedFaults'
     1>c:\users\user\documents\capstone\atpg tool\source code\src\libs\atpg_types.h(120): error C2059: syntax error : ';'
     1>c:\users\user\documents\capstone\atpg tool\source code\src\libs\atpg_types.h(127): error C2061: syntax error : identifier 'isCustomFaultSimulation'
     1>c:\users\user\documents\capstone\atpg tool\source code\src\libs\atpg_types.h(127): error C2059: syntax error : ';'
     1>c:\users\user\documents\capstone\atpg tool\source code\src\libs\atpg_types.h(132): error C2059: syntax error : '}'
     1>c:\users\user\documents\capstone\atpg tool\source code\src\libs\atpg_types.h(160): error C2016: C requires that a struct or union has at least one member
     1>c:\users\user\documents\capstone\atpg tool\source code\src\libs\atpg_types.h(160): error C2061: syntax error : identifier 'BOOLEAN'
     1>c:\users\user\documents\capstone\atpg tool\source code\src\libs\atpg_types.h(161): error C2061: syntax error : identifier 'value'
     1>c:\users\user\documents\capstone\atpg tool\source code\src\libs\atpg_types.h(161): error C2059: syntax error : ';'
     1>c:\users\user\documents\capstone\atpg tool\source code\src\libs\atpg_types.h(162): error C2059: syntax error : '}'
     1>c:\users\user\documents\capstone\atpg tool\source code\src\libs\atpg_types.h(169): error C2016: C requires that a struct or union has at least one member
     1>c:\users\user\documents\capstone\atpg tool\source code\src\libs\atpg_types.h(169): error C2061: syntax error : identifier 'BOOLEAN'
     1>c:\users\user\documents\capstone\atpg tool\source code\src\libs\atpg_types.h(170): error C2061: syntax error : identifier 'value'
     1>c:\users\user\documents\capstone\atpg tool\source code\src\libs\atpg_types.h(170): error C2059: syntax error : ';'
     1>c:\users\user\documents\capstone\atpg tool\source code\src\libs\atpg_types.h(171): error C2059: syntax error : '}'
     1>c:\users\user\documents\capstone\atpg tool\source code\src\libs\atpg_types.h(182): error C2061: syntax error : identifier 'BOOLEAN'
     1>c:\users\user\documents\capstone\atpg tool\source code\src\libs\atpg_types.h(183): error C2061: syntax error : identifier 'numOut'
     1>c:\users\user\documents\capstone\atpg tool\source code\src\libs\atpg_types.h(183): error C2059: syntax error : ';'
     1>c:\users\user\documents\capstone\atpg tool\source code\src\libs\atpg_types.h(190): error C2061: syntax error : identifier 'inv'
     1>c:\users\user\documents\capstone\atpg tool\source code\src\libs\atpg_types.h(190): error C2059: syntax error : ';'
     1>c:\users\user\documents\capstone\atpg tool\source code\src\libs\atpg_types.h(196): error C2061: syntax error : identifier 'PO'
     1>c:\users\user\documents\capstone\atpg tool\source code\src\libs\atpg_types.h(196): error C2059: syntax error : ';'
     1>c:\users\user\documents\capstone\atpg tool\source code\src\libs\atpg_types.h(199): error C2061: syntax error : identifier 'PPO'
     1>c:\users\user\documents\capstone\atpg tool\source code\src\libs\atpg_types.h(199): error C2059: syntax error : ';'
     1>c:\users\user\documents\capstone\atpg tool\source code\src\libs\atpg_types.h(202): error C2061: syntax error : identifier 'justified'
     1>c:\users\user\documents\capstone\atpg tool\source code\src\libs\atpg_types.h(202): error C2059: syntax error : ';'
     1>c:\users\user\documents\capstone\atpg tool\source code\src\libs\atpg_types.h(202): error C3409: empty attribute block is not allowed
     1>c:\users\user\documents\capstone\atpg tool\source code\src\libs\atpg_types.h(202): error C2143: syntax error : missing ']' before 'constant'
     1>c:\users\user\documents\capstone\atpg tool\source code\src\libs\atpg_types.h(205): error C2061: syntax error : identifier 'propagated'
     1>c:\users\user\documents\capstone\atpg tool\source code\src\libs\atpg_types.h(205): error C2059: syntax error : ';'
     1>c:\users\user\documents\capstone\atpg tool\source code\src\libs\atpg_types.h(205): error C3409: empty attribute block is not allowed
     1>c:\users\user\documents\capstone\atpg tool\source code\src\libs\atpg_types.h(205): error C2143: syntax error : missing ']' before 'constant'
     1>c:\users\user\documents\capstone\atpg tool\source code\src\libs\atpg_types.h(214): error C2059: syntax error : '}'
     1>c:\users\user\documents\capstone\atpg tool\source code\src\libs\atpg_types.h(216): error C2143: syntax error : missing '{' before '*'
     1>c:\users\user\documents\capstone\atpg tool\source code\src\libs\atpg_types.h(261): error C2061: syntax error : identifier 'BOOLEAN'
     1>c:\users\user\documents\capstone\atpg tool\source code\src\libs\atpg_types.h(262): error C2059: syntax error : '}'
     1>c:\users\user\documents\capstone\atpg tool\source code\src\libs\atpg_types.h(270): error C2016: C requires that a struct or union has at least one member
     1>c:\users\user\documents\capstone\atpg tool\source code\src\libs\atpg_types.h(270): error C2061: syntax error : identifier 'FAULT'
     1>c:\users\user\documents\capstone\atpg tool\source code\src\libs\atpg_types.h(272): error C2059: syntax error : '}'
     1>c:\users\user\documents\capstone\atpg tool\source code\src\libs\atpg_types.h(304): error C2061: syntax error : identifier 'FAULT'
     1>c:\users\user\documents\capstone\atpg tool\source code\src\libs\atpg_types.h(305): error C2059: syntax error : '}'
     1>c:\users\user\documents\capstone\atpg tool\source code\src\libs\parser_netlist.h(37): error C2061: syntax error : identifier 'appendNewGate'
     1>c:\users\user\documents\capstone\atpg tool\source code\src\libs\parser_netlist.h(37): error C2059: syntax error : ';'
     1>c:\users\user\documents\capstone\atpg tool\source code\src\libs\parser_netlist.h(37): error C2146: syntax error : missing ')' before identifier 'circuit'
     1>c:\users\user\documents\capstone\atpg tool\source code\src\libs\parser_netlist.h(37): error C2061: syntax error : identifier 'circuit'
     1>c:\users\user\documents\capstone\atpg tool\source code\src\libs\parser_netlist.h(37): error C2059: syntax error : ','
     1>c:\users\user\documents\capstone\atpg tool\source code\src\libs\parser_netlist.h(37): error C2059: syntax error : ')'
     1>c:\users\user\documents\capstone\atpg tool\source code\src\libs\parser_netlist.h(48): error C2061: syntax error : identifier 'populateCircuit'
     1>c:\users\user\documents\capstone\atpg tool\source code\src\libs\parser_netlist.h(48): error C2059: syntax error : ';'
     1>c:\users\user\documents\capstone\atpg tool\source code\src\libs\parser_netlist.h(48): error C2146: syntax error : missing ')' before identifier 'circuit'
     1>c:\users\user\documents\capstone\atpg tool\source code\src\libs\parser_netlist.h(48): error C2061: syntax error : identifier 'circuit'
     1>c:\users\user\documents\capstone\atpg tool\source code\src\libs\parser_netlist.h(48): error C2059: syntax error : ','
     1>c:\users\user\documents\capstone\atpg tool\source code\src\libs\parser_netlist.h(48): error C2059: syntax error : ')'
     1>c:\users\user\documents\capstone\atpg tool\source code\src\libs\parser_netlist.h(57): error C2146: syntax error : missing ')' before identifier 'circuit'
     1>c:\users\user\documents\capstone\atpg tool\source code\src\libs\parser_netlist.h(57): error C2061: syntax error : identifier 'circuit'
     1>c:\users\user\documents\capstone\atpg tool\source code\src\libs\parser_netlist.h(57): error C2059: syntax error : ';'
     1>c:\users\user\documents\capstone\atpg tool\source code\src\libs\parser_netlist.h(57): error C2059: syntax error : ','
     1>c:\users\user\documents\capstone\atpg tool\source code\src\libs\parser_netlist.h(57): error C2059: syntax error : ')'
     1>c:\users\user\documents\capstone\atpg tool\source code\src\libs\parser_netlist.h(66): error C2146: syntax error : missing ')' before identifier 'circuit'
     1>c:\users\user\documents\capstone\atpg tool\source code\src\libs\parser_netlist.h(66): error C2061: syntax error : identifier 'circuit'
     1>c:\users\user\documents\capstone\atpg tool\source code\src\libs\parser_netlist.h(66): error C2059: syntax error : ';'
     1>c:\users\user\documents\capstone\atpg tool\source code\src\libs\parser_netlist.h(66): error C2059: syntax error : ','
     1>c:\users\user\documents\capstone\atpg tool\source code\src\libs\parser_netlist.h(66): error C2059: syntax error : ')'
     1>c:\users\user\documents\capstone\atpg tool\source code\src\libs\parser_netlist.h(77): error C2146: syntax error : missing ')' before identifier 'circuit'
     1>c:\users\user\documents\capstone\atpg tool\source code\src\libs\parser_netlist.h(77): error C2061: syntax error : identifier 'circuit'
     1>c:\users\user\documents\capstone\atpg tool\source code\src\libs\parser_netlist.h(77): error C2059: syntax error : ';'
     1>c:\users\user\documents\capstone\atpg tool\source code\src\libs\parser_netlist.h(77): error C2059: syntax error : ','
     1>c:\users\user\documents\capstone\atpg tool\source code\src\libs\parser_netlist.h(77): error C2059: syntax error : ')'
     1>c:\users\user\documents\capstone\atpg tool\source code\src\libs\parser_netlist.h(86): error C2143: syntax error : missing ')' before '*'
     1>c:\users\user\documents\capstone\atpg tool\source code\src\libs\parser_netlist.h(86): error C2143: syntax error : missing '{' before '*'
     1>c:\users\user\documents\capstone\atpg tool\source code\src\libs\parser_netlist.h(86): error C2059: syntax error : ')'
     1>c:\users\user\documents\capstone\atpg tool\source code\src\libs\parser_netlist.h(95): error C2146: syntax error : missing ')' before identifier 'circuit'
     1>c:\users\user\documents\capstone\atpg tool\source code\src\libs\parser_netlist.h(95): error C2061: syntax error : identifier 'circuit'
     1>c:\users\user\documents\capstone\atpg tool\source code\src\libs\parser_netlist.h(95): error C2059: syntax error : ';'
     1>c:\users\user\documents\capstone\atpg tool\source code\src\libs\parser_netlist.h(95): error C2059: syntax error : ','
     1>c:\users\user\documents\capstone\atpg tool\source code\src\libs\parser_netlist.h(95): error C2059: syntax error : ')'
     1>c:\users\user\documents\capstone\atpg tool\source code\src\libs\parser_netlist.h(104): error C2146: syntax error : missing ')' before identifier 'circuit'
     1>c:\users\user\documents\capstone\atpg tool\source code\src\libs\parser_netlist.h(104): error C2061: syntax error : identifier 'circuit'
     1>c:\users\user\documents\capstone\atpg tool\source code\src\libs\parser_netlist.h(104): error C2059: syntax error : ';'
     1>c:\users\user\documents\capstone\atpg tool\source code\src\libs\parser_netlist.h(104): error C2059: syntax error : ','
     1>c:\users\user\documents\capstone\atpg tool\source code\src\libs\parser_netlist.h(104): error C2059: syntax error : ')'
     1>libs\parser_netlist.c(49): error C2061: syntax error : identifier 'appendNewGate'
     1>libs\parser_netlist.c(49): error C2059: syntax error : ';'
     1>libs\parser_netlist.c(49): error C2146: syntax error : missing ')' before identifier 'circuit'
     1>libs\parser_netlist.c(49): error C2061: syntax error : identifier 'circuit'
     1>libs\parser_netlist.c(49): error C2059: syntax error : ','
     1>libs\parser_netlist.c(49): error C2059: syntax error : ')'
     1>libs\parser_netlist.c(87): error C2061: syntax error : identifier 'populateCircuit'
     1>libs\parser_netlist.c(87): error C2059: syntax error : ';'
     1>libs\parser_netlist.c(87): error C2146: syntax error : missing ')' before identifier 'circuit'
     1>libs\parser_netlist.c(87): error C2061: syntax error : identifier 'circuit'
     1>libs\parser_netlist.c(87): error C2059: syntax error : ','
     1>libs\parser_netlist.c(87): error C2059: syntax error : ')'
     1>libs\parser_netlist.c(87): fatal error C1003: error count exceeds 100; stopping compilation
         logic_tables.c
     1>c:\users\user\documents\capstone\atpg tool\source code\src\libs\atpg_types.h(105): error C2016: C requires that a struct or union has at least one member
     1>c:\users\user\documents\capstone\atpg tool\source code\src\libs\atpg_types.h(105): error C2061: syntax error : identifier 'BOOLEAN'
     1>c:\users\user\documents\capstone\atpg tool\source code\src\libs\atpg_types.h(109): error C2061: syntax error : identifier 'isFaultListGiven'
     1>c:\users\user\documents\capstone\atpg tool\source code\src\libs\atpg_types.h(109): error C2059: syntax error : ';'
     1>c:\users\user\documents\capstone\atpg tool\source code\src\libs\atpg_types.h(113): error C2061: syntax error : identifier 'isBenchmarkFileGiven'
     1>c:\users\user\documents\capstone\atpg tool\source code\src\libs\atpg_types.h(113): error C2059: syntax error : ';'
     1>c:\users\user\documents\capstone\atpg tool\source code\src\libs\atpg_types.h(117): error C2061: syntax error : identifier 'isOneTestPerFault'
     1>c:\users\user\documents\capstone\atpg tool\source code\src\libs\atpg_types.h(117): error C2059: syntax error : ';'
     1>c:\users\user\documents\capstone\atpg tool\source code\src\libs\atpg_types.h(120): error C2061: syntax error : identifier 'isPrintUndetectedFaults'
     1>c:\users\user\documents\capstone\atpg tool\source code\src\libs\atpg_types.h(120): error C2059: syntax error : ';'
     1>c:\users\user\documents\capstone\atpg tool\source code\src\libs\atpg_types.h(127): error C2061: syntax error : identifier 'isCustomFaultSimulation'
     1>c:\users\user\documents\capstone\atpg tool\source code\src\libs\atpg_types.h(127): error C2059: syntax error : ';'
     1>c:\users\user\documents\capstone\atpg tool\source code\src\libs\atpg_types.h(132): error C2059: syntax error : '}'
     1>c:\users\user\documents\capstone\atpg tool\source code\src\libs\atpg_types.h(160): error C2016: C requires that a struct or union has at least one member
     1>c:\users\user\documents\capstone\atpg tool\source code\src\libs\atpg_types.h(160): error C2061: syntax error : identifier 'BOOLEAN'
     1>c:\users\user\documents\capstone\atpg tool\source code\src\libs\atpg_types.h(161): error C2061: syntax error : identifier 'value'
     1>c:\users\user\documents\capstone\atpg tool\source code\src\libs\atpg_types.h(161): error C2059: syntax error : ';'
     1>c:\users\user\documents\capstone\atpg tool\source code\src\libs\atpg_types.h(162): error C2059: syntax error : '}'
     1>c:\users\user\documents\capstone\atpg tool\source code\src\libs\atpg_types.h(169): error C2016: C requires that a struct or union has at least one member
     1>c:\users\user\documents\capstone\atpg tool\source code\src\libs\atpg_types.h(169): error C2061: syntax error : identifier 'BOOLEAN'
     1>c:\users\user\documents\capstone\atpg tool\source code\src\libs\atpg_types.h(170): error C2061: syntax error : identifier 'value'
     1>c:\users\user\documents\capstone\atpg tool\source code\src\libs\atpg_types.h(170): error C2059: syntax error : ';'
     1>c:\users\user\documents\capstone\atpg tool\source code\src\libs\atpg_types.h(171): error C2059: syntax error : '}'
     1>c:\users\user\documents\capstone\atpg tool\source code\src\libs\atpg_types.h(182): error C2061: syntax error : identifier 'BOOLEAN'
     1>c:\users\user\documents\capstone\atpg tool\source code\src\libs\atpg_types.h(183): error C2061: syntax error : identifier 'numOut'
     1>c:\users\user\documents\capstone\atpg tool\source code\src\libs\atpg_types.h(183): error C2059: syntax error : ';'
     1>c:\users\user\documents\capstone\atpg tool\source code\src\libs\atpg_types.h(190): error C2061: syntax error : identifier 'inv'
     1>c:\users\user\documents\capstone\atpg tool\source code\src\libs\atpg_types.h(190): error C2059: syntax error : ';'
     1>c:\users\user\documents\capstone\atpg tool\source code\src\libs\atpg_types.h(196): error C2061: syntax error : identifier 'PO'
     1>c:\users\user\documents\capstone\atpg tool\source code\src\libs\atpg_types.h(196): error C2059: syntax error : ';'
     1>c:\users\user\documents\capstone\atpg tool\source code\src\libs\atpg_types.h(199): error C2061: syntax error : identifier 'PPO'
     1>c:\users\user\documents\capstone\atpg tool\source code\src\libs\atpg_types.h(199): error C2059: syntax error : ';'
     1>c:\users\user\documents\capstone\atpg tool\source code\src\libs\atpg_types.h(202): error C2061: syntax error : identifier 'justified'
     1>c:\users\user\documents\capstone\atpg tool\source code\src\libs\atpg_types.h(202): error C2059: syntax error : ';'
     1>c:\users\user\documents\capstone\atpg tool\source code\src\libs\atpg_types.h(202): error C3409: empty attribute block is not allowed
     1>c:\users\user\documents\capstone\atpg tool\source code\src\libs\atpg_types.h(202): error C2143: syntax error : missing ']' before 'constant'
     1>c:\users\user\documents\capstone\atpg tool\source code\src\libs\atpg_types.h(205): error C2061: syntax error : identifier 'propagated'
     1>c:\users\user\documents\capstone\atpg tool\source code\src\libs\atpg_types.h(205): error C2059: syntax error : ';'
     1>c:\users\user\documents\capstone\atpg tool\source code\src\libs\atpg_types.h(205): error C3409: empty attribute block is not allowed
     1>c:\users\user\documents\capstone\atpg tool\source code\src\libs\atpg_types.h(205): error C2143: syntax error : missing ']' before 'constant'
     1>c:\users\user\documents\capstone\atpg tool\source code\src\libs\atpg_types.h(214): error C2059: syntax error : '}'
     1>c:\users\user\documents\capstone\atpg tool\source code\src\libs\atpg_types.h(216): error C2143: syntax error : missing '{' before '*'
     1>c:\users\user\documents\capstone\atpg tool\source code\src\libs\atpg_types.h(261): error C2061: syntax error : identifier 'BOOLEAN'
     1>c:\users\user\documents\capstone\atpg tool\source code\src\libs\atpg_types.h(262): error C2059: syntax error : '}'
     1>c:\users\user\documents\capstone\atpg tool\source code\src\libs\atpg_types.h(270): error C2016: C requires that a struct or union has at least one member
     1>c:\users\user\documents\capstone\atpg tool\source code\src\libs\atpg_types.h(270): error C2061: syntax error : identifier 'FAULT'
     1>c:\users\user\documents\capstone\atpg tool\source code\src\libs\atpg_types.h(272): error C2059: syntax error : '}'
     1>c:\users\user\documents\capstone\atpg tool\source code\src\libs\atpg_types.h(304): error C2061: syntax error : identifier 'FAULT'
     1>c:\users\user\documents\capstone\atpg tool\source code\src\libs\atpg_types.h(305): error C2059: syntax error : '}'
     1>c:\users\user\documents\capstone\atpg tool\source code\src\libs\logic_tables.h(90): error C2054: expected '(' to follow 'inline'
     1>c:\users\user\documents\capstone\atpg tool\source code\src\libs\logic_tables.h(90): error C2146: syntax error : missing ')' before identifier 'circuit'
     1>c:\users\user\documents\capstone\atpg tool\source code\src\libs\logic_tables.h(90): error C2085: 'getLogicValue' : not in formal parameter list
     1>c:\users\user\documents\capstone\atpg tool\source code\src\libs\logic_tables.h(90): error C2146: syntax error : missing ',' before identifier 'circuit'
     1>c:\users\user\documents\capstone\atpg tool\source code\src\libs\logic_tables.h(90): error C2059: syntax error : 'type'
     1>c:\users\user\documents\capstone\atpg tool\source code\src\libs\logic_tables.h(90): error C2059: syntax error : ')'
     1>c:\users\user\documents\capstone\atpg tool\source code\src\libs\logic_tables.h(99): error C2054: expected '(' to follow 'inline'
     1>c:\users\user\documents\capstone\atpg tool\source code\src\libs\logic_tables.h(99): error C2146: syntax error : missing ')' before identifier 'circuit'
     1>c:\users\user\documents\capstone\atpg tool\source code\src\libs\logic_tables.h(99): error C2085: 'setInputLogicValue' : not in formal parameter list
     1>c:\users\user\documents\capstone\atpg tool\source code\src\libs\logic_tables.h(99): error C2146: syntax error : missing ',' before identifier 'circuit'
     1>c:\users\user\documents\capstone\atpg tool\source code\src\libs\logic_tables.h(99): error C2059: syntax error : 'type'
     1>c:\users\user\documents\capstone\atpg tool\source code\src\libs\logic_tables.h(99): error C2059: syntax error : ')'
     1>c:\users\user\documents\capstone\atpg tool\source code\src\libs\logic_tables.h(108): error C2146: syntax error : missing ')' before identifier 'circuit'
     1>c:\users\user\documents\capstone\atpg tool\source code\src\libs\logic_tables.h(108): error C2061: syntax error : identifier 'circuit'
     1>c:\users\user\documents\capstone\atpg tool\source code\src\libs\logic_tables.h(108): error C2059: syntax error : ';'
     1>c:\users\user\documents\capstone\atpg tool\source code\src\libs\logic_tables.h(108): error C2059: syntax error : ','
     1>c:\users\user\documents\capstone\atpg tool\source code\src\libs\logic_tables.h(108): error C2059: syntax error : ')'
     1>c:\users\user\documents\capstone\atpg tool\source code\src\libs\logic_tables.h(119): error C2061: syntax error : identifier 'isOutputPossible'
     1>c:\users\user\documents\capstone\atpg tool\source code\src\libs\logic_tables.h(119): error C2059: syntax error : ';'
     1>c:\users\user\documents\capstone\atpg tool\source code\src\libs\logic_tables.h(119): error C2146: syntax error : missing ')' before identifier 'circuit'
     1>c:\users\user\documents\capstone\atpg tool\source code\src\libs\logic_tables.h(119): error C2061: syntax error : identifier 'circuit'
     1>c:\users\user\documents\capstone\atpg tool\source code\src\libs\logic_tables.h(119): error C2059: syntax error : ','
     1>c:\users\user\documents\capstone\atpg tool\source code\src\libs\logic_tables.h(119): error C2059: syntax error : ')'
     1>c:\users\user\documents\capstone\atpg tool\source code\src\libs\logic_tables.h(128): error C2146: syntax error : missing ')' before identifier 'inv'
     1>c:\users\user\documents\capstone\atpg tool\source code\src\libs\logic_tables.h(128): error C2081: 'BOOLEAN' : name in formal parameter list illegal
     1>c:\users\user\documents\capstone\atpg tool\source code\src\libs\logic_tables.h(128): error C2061: syntax error : identifier 'inv'
     1>c:\users\user\documents\capstone\atpg tool\source code\src\libs\logic_tables.h(128): error C2059: syntax error : ';'
     1>c:\users\user\documents\capstone\atpg tool\source code\src\libs\logic_tables.h(128): error C2059: syntax error : ')'
     1>c:\users\user\documents\capstone\atpg tool\source code\src\libs\logic_tables.h(137): error C2146: syntax error : missing ')' before identifier 'isForOutput'
     1>c:\users\user\documents\capstone\atpg tool\source code\src\libs\logic_tables.h(137): error C2081: 'BOOLEAN' : name in formal parameter list illegal
     1>c:\users\user\documents\capstone\atpg tool\source code\src\libs\logic_tables.h(137): error C2061: syntax error : identifier 'isForOutput'
     1>c:\users\user\documents\capstone\atpg tool\source code\src\libs\logic_tables.h(137): error C2059: syntax error : ';'
     1>c:\users\user\documents\capstone\atpg tool\source code\src\libs\logic_tables.h(137): error C2059: syntax error : ')'
     1>libs\logic_tables.c(34): error C2054: expected '(' to follow 'inline'
     1>libs\logic_tables.c(34): error C2146: syntax error : missing ')' before identifier 'circuit'
     1>libs\logic_tables.c(34): error C2085: 'getLogicValue' : not in formal parameter list
     1>libs\logic_tables.c(34): error C2146: syntax error : missing ',' before identifier 'circuit'
     1>libs\logic_tables.c(34): error C2059: syntax error : 'type'
     1>libs\logic_tables.c(34): error C2059: syntax error : ')'
     1>libs\logic_tables.c(60): error C2054: expected '(' to follow 'inline'
     1>libs\logic_tables.c(60): error C2146: syntax error : missing ')' before identifier 'circuit'
     1>libs\logic_tables.c(60): error C2085: 'setInputLogicValue' : not in formal parameter list
     1>libs\logic_tables.c(60): error C2146: syntax error : missing ',' before identifier 'circuit'
     1>libs\logic_tables.c(60): error C2059: syntax error : 'type'
     1>libs\logic_tables.c(60): error C2059: syntax error : ')'
     1>libs\logic_tables.c(80): error C2146: syntax error : missing ')' before identifier 'circuit'
     1>libs\logic_tables.c(80): error C2061: syntax error : identifier 'circuit'
     1>libs\logic_tables.c(80): error C2059: syntax error : ';'
     1>libs\logic_tables.c(80): error C2059: syntax error : ','
     1>libs\logic_tables.c(80): error C2059: syntax error : ')'
     1>libs\logic_tables.c(134): error C2061: syntax error : identifier 'isOutputPossible'
     1>libs\logic_tables.c(134): error C2059: syntax error : ';'
     1>libs\logic_tables.c(134): fatal error C1003: error count exceeds 100; stopping compilation
         fault_simulation.c
     1>c:\users\user\documents\capstone\atpg tool\source code\src\libs\atpg_types.h(105): error C2016: C requires that a struct or union has at least one member
     1>c:\users\user\documents\capstone\atpg tool\source code\src\libs\atpg_types.h(105): error C2061: syntax error : identifier 'BOOLEAN'
     1>c:\users\user\documents\capstone\atpg tool\source code\src\libs\atpg_types.h(109): error C2061: syntax error : identifier 'isFaultListGiven'
     1>c:\users\user\documents\capstone\atpg tool\source code\src\libs\atpg_types.h(109): error C2059: syntax error : ';'
     1>c:\users\user\documents\capstone\atpg tool\source code\src\libs\atpg_types.h(113): error C2061: syntax error : identifier 'isBenchmarkFileGiven'
     1>c:\users\user\documents\capstone\atpg tool\source code\src\libs\atpg_types.h(113): error C2059: syntax error : ';'
     1>c:\users\user\documents\capstone\atpg tool\source code\src\libs\atpg_types.h(117): error C2061: syntax error : identifier 'isOneTestPerFault'
     1>c:\users\user\documents\capstone\atpg tool\source code\src\libs\atpg_types.h(117): error C2059: syntax error : ';'
     1>c:\users\user\documents\capstone\atpg tool\source code\src\libs\atpg_types.h(120): error C2061: syntax error : identifier 'isPrintUndetectedFaults'
     1>c:\users\user\documents\capstone\atpg tool\source code\src\libs\atpg_types.h(120): error C2059: syntax error : ';'
     1>c:\users\user\documents\capstone\atpg tool\source code\src\libs\atpg_types.h(127): error C2061: syntax error : identifier 'isCustomFaultSimulation'
     1>c:\users\user\documents\capstone\atpg tool\source code\src\libs\atpg_types.h(127): error C2059: syntax error : ';'
     1>c:\users\user\documents\capstone\atpg tool\source code\src\libs\atpg_types.h(132): error C2059: syntax error : '}'
     1>c:\users\user\documents\capstone\atpg tool\source code\src\libs\atpg_types.h(160): error C2016: C requires that a struct or union has at least one member
     1>c:\users\user\documents\capstone\atpg tool\source code\src\libs\atpg_types.h(160): error C2061: syntax error : identifier 'BOOLEAN'
     1>c:\users\user\documents\capstone\atpg tool\source code\src\libs\atpg_types.h(161): error C2061: syntax error : identifier 'value'
     1>c:\users\user\documents\capstone\atpg tool\source code\src\libs\atpg_types.h(161): error C2059: syntax error : ';'
     1>c:\users\user\documents\capstone\atpg tool\source code\src\libs\atpg_types.h(162): error C2059: syntax error : '}'
     1>c:\users\user\documents\capstone\atpg tool\source code\src\libs\atpg_types.h(169): error C2016: C requires that a struct or union has at least one member
     1>c:\users\user\documents\capstone\atpg tool\source code\src\libs\atpg_types.h(169): error C2061: syntax error : identifier 'BOOLEAN'
     1>c:\users\user\documents\capstone\atpg tool\source code\src\libs\atpg_types.h(170): error C2061: syntax error : identifier 'value'
     1>c:\users\user\documents\capstone\atpg tool\source code\src\libs\atpg_types.h(170): error C2059: syntax error : ';'
     1>c:\users\user\documents\capstone\atpg tool\source code\src\libs\atpg_types.h(171): error C2059: syntax error : '}'
     1>c:\users\user\documents\capstone\atpg tool\source code\src\libs\atpg_types.h(182): error C2061: syntax error : identifier 'BOOLEAN'
     1>c:\users\user\documents\capstone\atpg tool\source code\src\libs\atpg_types.h(183): error C2061: syntax error : identifier 'numOut'
     1>c:\users\user\documents\capstone\atpg tool\source code\src\libs\atpg_types.h(183): error C2059: syntax error : ';'
     1>c:\users\user\documents\capstone\atpg tool\source code\src\libs\atpg_types.h(190): error C2061: syntax error : identifier 'inv'
     1>c:\users\user\documents\capstone\atpg tool\source code\src\libs\atpg_types.h(190): error C2059: syntax error : ';'
     1>c:\users\user\documents\capstone\atpg tool\source code\src\libs\atpg_types.h(196): error C2061: syntax error : identifier 'PO'
     1>c:\users\user\documents\capstone\atpg tool\source code\src\libs\atpg_types.h(196): error C2059: syntax error : ';'
     1>c:\users\user\documents\capstone\atpg tool\source code\src\libs\atpg_types.h(199): error C2061: syntax error : identifier 'PPO'
     1>c:\users\user\documents\capstone\atpg tool\source code\src\libs\atpg_types.h(199): error C2059: syntax error : ';'
     1>c:\users\user\documents\capstone\atpg tool\source code\src\libs\atpg_types.h(202): error C2061: syntax error : identifier 'justified'
     1>c:\users\user\documents\capstone\atpg tool\source code\src\libs\atpg_types.h(202): error C2059: syntax error : ';'
     1>c:\users\user\documents\capstone\atpg tool\source code\src\libs\atpg_types.h(202): error C3409: empty attribute block is not allowed
     1>c:\users\user\documents\capstone\atpg tool\source code\src\libs\atpg_types.h(202): error C2143: syntax error : missing ']' before 'constant'
     1>c:\users\user\documents\capstone\atpg tool\source code\src\libs\atpg_types.h(205): error C2061: syntax error : identifier 'propagated'
     1>c:\users\user\documents\capstone\atpg tool\source code\src\libs\atpg_types.h(205): error C2059: syntax error : ';'
     1>c:\users\user\documents\capstone\atpg tool\source code\src\libs\atpg_types.h(205): error C3409: empty attribute block is not allowed
     1>c:\users\user\documents\capstone\atpg tool\source code\src\libs\atpg_types.h(205): error C2143: syntax error : missing ']' before 'constant'
     1>c:\users\user\documents\capstone\atpg tool\source code\src\libs\atpg_types.h(214): error C2059: syntax error : '}'
     1>c:\users\user\documents\capstone\atpg tool\source code\src\libs\atpg_types.h(216): error C2143: syntax error : missing '{' before '*'
     1>c:\users\user\documents\capstone\atpg tool\source code\src\libs\atpg_types.h(261): error C2061: syntax error : identifier 'BOOLEAN'
     1>c:\users\user\documents\capstone\atpg tool\source code\src\libs\atpg_types.h(262): error C2059: syntax error : '}'
     1>c:\users\user\documents\capstone\atpg tool\source code\src\libs\atpg_types.h(270): error C2016: C requires that a struct or union has at least one member
     1>c:\users\user\documents\capstone\atpg tool\source code\src\libs\atpg_types.h(270): error C2061: syntax error : identifier 'FAULT'
     1>c:\users\user\documents\capstone\atpg tool\source code\src\libs\atpg_types.h(272): error C2059: syntax error : '}'
     1>c:\users\user\documents\capstone\atpg tool\source code\src\libs\atpg_types.h(304): error C2061: syntax error : identifier 'FAULT'
     1>c:\users\user\documents\capstone\atpg tool\source code\src\libs\atpg_types.h(305): error C2059: syntax error : '}'
     1>c:\users\user\documents\capstone\atpg tool\source code\src\libs\logic_tables.h(90): error C2054: expected '(' to follow 'inline'
     1>c:\users\user\documents\capstone\atpg tool\source code\src\libs\logic_tables.h(90): error C2146: syntax error : missing ')' before identifier 'circuit'
     1>c:\users\user\documents\capstone\atpg tool\source code\src\libs\logic_tables.h(90): error C2085: 'getLogicValue' : not in formal parameter list
     1>c:\users\user\documents\capstone\atpg tool\source code\src\libs\logic_tables.h(90): error C2146: syntax error : missing ',' before identifier 'circuit'
     1>c:\users\user\documents\capstone\atpg tool\source code\src\libs\logic_tables.h(90): error C2059: syntax error : 'type'
     1>c:\users\user\documents\capstone\atpg tool\source code\src\libs\logic_tables.h(90): error C2059: syntax error : ')'
     1>c:\users\user\documents\capstone\atpg tool\source code\src\libs\logic_tables.h(99): error C2054: expected '(' to follow 'inline'
     1>c:\users\user\documents\capstone\atpg tool\source code\src\libs\logic_tables.h(99): error C2146: syntax error : missing ')' before identifier 'circuit'
     1>c:\users\user\documents\capstone\atpg tool\source code\src\libs\logic_tables.h(99): error C2085: 'setInputLogicValue' : not in formal parameter list
     1>c:\users\user\documents\capstone\atpg tool\source code\src\libs\logic_tables.h(99): error C2146: syntax error : missing ',' before identifier 'circuit'
     1>c:\users\user\documents\capstone\atpg tool\source code\src\libs\logic_tables.h(99): error C2059: syntax error : 'type'
     1>c:\users\user\documents\capstone\atpg tool\source code\src\libs\logic_tables.h(99): error C2059: syntax error : ')'
     1>c:\users\user\documents\capstone\atpg tool\source code\src\libs\logic_tables.h(108): error C2146: syntax error : missing ')' before identifier 'circuit'
     1>c:\users\user\documents\capstone\atpg tool\source code\src\libs\logic_tables.h(108): error C2061: syntax error : identifier 'circuit'
     1>c:\users\user\documents\capstone\atpg tool\source code\src\libs\logic_tables.h(108): error C2059: syntax error : ';'
     1>c:\users\user\documents\capstone\atpg tool\source code\src\libs\logic_tables.h(108): error C2059: syntax error : ','
     1>c:\users\user\documents\capstone\atpg tool\source code\src\libs\logic_tables.h(108): error C2059: syntax error : ')'
     1>c:\users\user\documents\capstone\atpg tool\source code\src\libs\logic_tables.h(119): error C2061: syntax error : identifier 'isOutputPossible'
     1>c:\users\user\documents\capstone\atpg tool\source code\src\libs\logic_tables.h(119): error C2059: syntax error : ';'
     1>c:\users\user\documents\capstone\atpg tool\source code\src\libs\logic_tables.h(119): error C2146: syntax error : missing ')' before identifier 'circuit'
     1>c:\users\user\documents\capstone\atpg tool\source code\src\libs\logic_tables.h(119): error C2061: syntax error : identifier 'circuit'
     1>c:\users\user\documents\capstone\atpg tool\source code\src\libs\logic_tables.h(119): error C2059: syntax error : ','
     1>c:\users\user\documents\capstone\atpg tool\source code\src\libs\logic_tables.h(119): error C2059: syntax error : ')'
     1>c:\users\user\documents\capstone\atpg tool\source code\src\libs\logic_tables.h(128): error C2146: syntax error : missing ')' before identifier 'inv'
     1>c:\users\user\documents\capstone\atpg tool\source code\src\libs\logic_tables.h(128): error C2081: 'BOOLEAN' : name in formal parameter list illegal
     1>c:\users\user\documents\capstone\atpg tool\source code\src\libs\logic_tables.h(128): error C2061: syntax error : identifier 'inv'
     1>c:\users\user\documents\capstone\atpg tool\source code\src\libs\logic_tables.h(128): error C2059: syntax error : ';'
     1>c:\users\user\documents\capstone\atpg tool\source code\src\libs\logic_tables.h(128): error C2059: syntax error : ')'
     1>c:\users\user\documents\capstone\atpg tool\source code\src\libs\logic_tables.h(137): error C2146: syntax error : missing ')' before identifier 'isForOutput'
     1>c:\users\user\documents\capstone\atpg tool\source code\src\libs\logic_tables.h(137): error C2081: 'BOOLEAN' : name in formal parameter list illegal
     1>c:\users\user\documents\capstone\atpg tool\source code\src\libs\logic_tables.h(137): error C2061: syntax error : identifier 'isForOutput'
     1>c:\users\user\documents\capstone\atpg tool\source code\src\libs\logic_tables.h(137): error C2059: syntax error : ';'
     1>c:\users\user\documents\capstone\atpg tool\source code\src\libs\logic_tables.h(137): error C2059: syntax error : ')'
     1>c:\users\user\documents\capstone\atpg tool\source code\src\libs\fault_simulation.h(40): error C2146: syntax error : missing ')' before identifier 'circuit'
     1>c:\users\user\documents\capstone\atpg tool\source code\src\libs\fault_simulation.h(40): error C2061: syntax error : identifier 'circuit'
     1>c:\users\user\documents\capstone\atpg tool\source code\src\libs\fault_simulation.h(40): error C2059: syntax error : ';'
     1>c:\users\user\documents\capstone\atpg tool\source code\src\libs\fault_simulation.h(40): error C2059: syntax error : ','
     1>c:\users\user\documents\capstone\atpg tool\source code\src\libs\fault_simulation.h(41): error C2059: syntax error : ')'
     1>c:\users\user\documents\capstone\atpg tool\source code\src\libs\fault_simulation.h(51): error C2146: syntax error : missing ')' before identifier 'circuit'
     1>c:\users\user\documents\capstone\atpg tool\source code\src\libs\fault_simulation.h(51): error C2061: syntax error : identifier 'circuit'
     1>c:\users\user\documents\capstone\atpg tool\source code\src\libs\fault_simulation.h(51): error C2059: syntax error : ';'
     1>c:\users\user\documents\capstone\atpg tool\source code\src\libs\fault_simulation.h(51): error C2059: syntax error : ','
     1>c:\users\user\documents\capstone\atpg tool\source code\src\libs\fault_simulation.h(51): error C2059: syntax error : ')'
     1>c:\users\user\documents\capstone\atpg tool\source code\src\libs\fault_simulation.h(75): error C2146: syntax error : missing ')' before identifier 'circuit'
     1>c:\users\user\documents\capstone\atpg tool\source code\src\libs\fault_simulation.h(75): error C2061: syntax error : identifier 'circuit'
     1>c:\users\user\documents\capstone\atpg tool\source code\src\libs\fault_simulation.h(75): error C2059: syntax error : ';'
     1>c:\users\user\documents\capstone\atpg tool\source code\src\libs\fault_simulation.h(75): error C2059: syntax error : ','
     1>c:\users\user\documents\capstone\atpg tool\source code\src\libs\fault_simulation.h(76): error C2059: syntax error : ')'
     1>c:\users\user\documents\capstone\atpg tool\source code\src\libs\test_generator.h(37): error C2146: syntax error : missing ')' before identifier 'circuit'
     1>c:\users\user\documents\capstone\atpg tool\source code\src\libs\test_generator.h(37): error C2061: syntax error : identifier 'circuit'
     1>c:\users\user\documents\capstone\atpg tool\source code\src\libs\test_generator.h(37): error C2059: syntax error : ';'
     1>c:\users\user\documents\capstone\atpg tool\source code\src\libs\test_generator.h(37): error C2059: syntax error : ','
     1>c:\users\user\documents\capstone\atpg tool\source code\src\libs\test_generator.h(37): fatal error C1003: error count exceeds 100; stopping compilation
         Generating Code...
     1>Done Building Project "C:\Users\USER\Documents\Capstone\ATPG tool\Source Code\src\CAPSTONE.vcxproj" (build target(s)) -- FAILED.

Build FAILED.

Time Elapsed 00:00:00.25
